c:\users\adona\source\repos\motorantivirus\motorantivirus\x64\debug\motorantivirus.pch
c:\users\adona\source\repos\motorantivirus\motorantivirus\x64\debug\vc145.pdb
c:\users\adona\source\repos\motorantivirus\motorantivirus\x64\debug\vc145.idb
c:\users\adona\source\repos\motorantivirus\motorantivirus\x64\debug\pch.obj
c:\users\adona\source\repos\motorantivirus\motorantivirus\x64\debug\dllmain.obj
c:\users\adona\source\repos\motorantivirus\x64\debug\motorantivirus.dll
c:\users\adona\source\repos\motorantivirus\x64\debug\motorantivirus.pdb
c:\users\adona\source\repos\motorantivirus\motorantivirus\x64\debug\motor.obj
c:\users\adona\source\repos\motorantivirus\x64\debug\motorantivirus.lib
c:\users\adona\source\repos\motorantivirus\x64\debug\motorantivirus.exp
c:\users\adona\source\repos\motorantivirus\motorantivirus\x64\debug\motorantivirus.ilk
c:\users\adona\source\repos\motorantivirus\motorantivirus\x64\debug\motorantivirus.tlog\cl.command.1.tlog
c:\users\adona\source\repos\motorantivirus\motorantivirus\x64\debug\motorantivirus.tlog\cl.items.tlog
c:\users\adona\source\repos\motorantivirus\motorantivirus\x64\debug\motorantivirus.tlog\cl.read.1.tlog
c:\users\adona\source\repos\motorantivirus\motorantivirus\x64\debug\motorantivirus.tlog\cl.write.1.tlog
c:\users\adona\source\repos\motorantivirus\motorantivirus\x64\debug\motorantivirus.tlog\link.command.1.tlog
c:\users\adona\source\repos\motorantivirus\motorantivirus\x64\debug\motorantivirus.tlog\link.read.1.tlog
c:\users\adona\source\repos\motorantivirus\motorantivirus\x64\debug\motorantivirus.tlog\link.secondary.1.tlog
c:\users\adona\source\repos\motorantivirus\motorantivirus\x64\debug\motorantivirus.tlog\link.write.1.tlog
c:\users\adona\source\repos\motorantivirus\motorantivirus\x64\debug\motorantivirus.tlog\masm.read.1u.tlog
c:\users\adona\source\repos\motorantivirus\motorantivirus\x64\debug\motorantivirus.tlog\masm.write.1u.tlog
